2021-08-26 10:40:29.302 [INFO] [main] [] [com.lazy.demo.sshvue.server.api.DemoSshVueApplication] 55 - Starting DemoSshVueApplication on PC-201803081055 with PID 10744 (E:\project\demo-ssh-vue\server-ssh\target\classes started by Administrator in E:\project\demo-ssh-vue)
2021-08-26 10:40:29.309 [INFO] [main] [] [com.lazy.demo.sshvue.server.api.DemoSshVueApplication] 651 - No active profile set, falling back to default profiles: default
2021-08-26 10:40:30.843 [INFO] [main] [] [org.springframework.data.repository.config.RepositoryConfigurationDelegate] 249 - Multiple Spring Data modules found, entering strict repository configuration mode!
2021-08-26 10:40:30.844 [INFO] [main] [] [org.springframework.data.repository.config.RepositoryConfigurationDelegate] 127 - Bootstrapping Spring Data JDBC repositories in DEFAULT mode.
2021-08-26 10:40:31.006 [INFO] [main] [] [org.springframework.data.repository.config.RepositoryConfigurationExtensionSupport] 348 - Spring Data JDBC - Could not safely identify store assignment for repository candidate interface com.lazy.demo.sshvue.server.api.dao.IAccountRepository. If you want this repository to be a JDBC repository, consider annotating your entities with one of these annotations: org.springframework.data.relational.core.mapping.Table.
2021-08-26 10:40:31.010 [INFO] [main] [] [org.springframework.data.repository.config.RepositoryConfigurationExtensionSupport] 348 - Spring Data JDBC - Could not safely identify store assignment for repository candidate interface com.lazy.demo.sshvue.server.api.dao.IExampleRepository. If you want this repository to be a JDBC repository, consider annotating your entities with one of these annotations: org.springframework.data.relational.core.mapping.Table.
2021-08-26 10:40:31.013 [INFO] [main] [] [org.springframework.data.repository.config.RepositoryConfigurationExtensionSupport] 348 - Spring Data JDBC - Could not safely identify store assignment for repository candidate interface com.lazy.demo.sshvue.server.api.dao.ITokenRepository. If you want this repository to be a JDBC repository, consider annotating your entities with one of these annotations: org.springframework.data.relational.core.mapping.Table.
2021-08-26 10:40:31.015 [INFO] [main] [] [org.springframework.data.repository.config.RepositoryConfigurationExtensionSupport] 348 - Spring Data JDBC - Could not safely identify store assignment for repository candidate interface com.lazy.demo.sshvue.server.api.dao.IUniqueRepository. If you want this repository to be a JDBC repository, consider annotating your entities with one of these annotations: org.springframework.data.relational.core.mapping.Table.
2021-08-26 10:40:31.016 [INFO] [main] [] [org.springframework.data.repository.config.RepositoryConfigurationDelegate] 187 - Finished Spring Data repository scanning in 148ms. Found 0 JDBC repository interfaces.
2021-08-26 10:40:31.034 [INFO] [main] [] [org.springframework.data.repository.config.RepositoryConfigurationDelegate] 249 - Multiple Spring Data modules found, entering strict repository configuration mode!
2021-08-26 10:40:31.034 [INFO] [main] [] [org.springframework.data.repository.config.RepositoryConfigurationDelegate] 127 - Bootstrapping Spring Data JPA repositories in DEFAULT mode.
2021-08-26 10:40:31.122 [INFO] [main] [] [org.springframework.data.repository.config.RepositoryConfigurationDelegate] 187 - Finished Spring Data repository scanning in 74ms. Found 4 JPA repository interfaces.
2021-08-26 10:40:31.755 [INFO] [main] [] [org.springframework.context.support.PostProcessorRegistrationDelegate$BeanPostProcessorChecker] 330 - Bean 'org.springframework.transaction.annotation.ProxyTransactionManagementConfiguration' of type [org.springframework.transaction.annotation.ProxyTransactionManagementConfiguration] is not eligible for getting processed by all BeanPostProcessors (for example: not eligible for auto-proxying)
2021-08-26 10:40:32.337 [INFO] [main] [] [org.springframework.boot.web.embedded.tomcat.TomcatWebServer] 92 - Tomcat initialized with port(s): 8081 (http)
2021-08-26 10:40:32.355 [INFO] [main] [] [org.apache.catalina.core.StandardService] 173 - Starting service [Tomcat]
2021-08-26 10:40:32.356 [INFO] [main] [] [org.apache.catalina.core.StandardEngine] 173 - Starting Servlet engine: [Apache Tomcat/9.0.30]
2021-08-26 10:40:32.629 [INFO] [main] [] [org.apache.catalina.core.ContainerBase.[Tomcat].[localhost].[/v1/demo-ssh-vue-api]] 173 - Initializing Spring embedded WebApplicationContext
2021-08-26 10:40:32.630 [INFO] [main] [] [org.springframework.web.context.ContextLoader] 284 - Root WebApplicationContext: initialization completed in 3247 ms
2021-08-26 10:40:33.596 [INFO] [main] [] [org.hibernate.jpa.internal.util.LogHelper] 31 - HHH000204: Processing PersistenceUnitInfo [name: default]
2021-08-26 10:40:33.676 [INFO] [main] [] [org.hibernate.Version] 46 - HHH000412: Hibernate Core {5.4.10.Final}
2021-08-26 10:40:33.849 [INFO] [main] [] [org.hibernate.annotations.common.Version] 49 - HCANN000001: Hibernate Commons Annotations {5.1.0.Final}
2021-08-26 10:40:33.992 [INFO] [main] [] [com.zaxxer.hikari.HikariDataSource] 110 - HikariPool-1 - Starting...
2021-08-26 10:40:34.912 [INFO] [main] [] [com.zaxxer.hikari.HikariDataSource] 123 - HikariPool-1 - Start completed.
2021-08-26 10:40:34.938 [INFO] [main] [] [org.hibernate.dialect.Dialect] 172 - HHH000400: Using dialect: org.hibernate.dialect.MySQL5Dialect
2021-08-26 10:40:36.294 [INFO] [main] [] [org.hibernate.engine.transaction.jta.platform.internal.JtaPlatformInitiator] 52 - HHH000490: Using JtaPlatform implementation: [org.hibernate.engine.transaction.jta.platform.internal.NoJtaPlatform]
2021-08-26 10:40:36.303 [INFO] [main] [] [org.springframework.orm.jpa.LocalContainerEntityManagerFactoryBean] 416 - Initialized JPA EntityManagerFactory for persistence unit 'default'
2021-08-26 10:40:37.703 [WARN] [main] [] [org.springframework.boot.autoconfigure.orm.jpa.JpaBaseConfiguration$JpaWebConfiguration] 220 - spring.jpa.open-in-view is enabled by default. Therefore, database queries may be performed during view rendering. Explicitly configure spring.jpa.open-in-view to disable this warning
2021-08-26 10:40:37.954 [INFO] [main] [] [org.springframework.scheduling.concurrent.ThreadPoolTaskScheduler] 171 - Initializing ExecutorService 'taskScheduler'
2021-08-26 10:40:38.053 [INFO] [main] [] [org.springframework.boot.web.embedded.tomcat.TomcatWebServer] 204 - Tomcat started on port(s): 8081 (http) with context path '/v1/demo-ssh-vue-api'
2021-08-26 10:40:38.055 [INFO] [main] [] [com.lazy.demo.sshvue.server.api.DemoSshVueApplication] 61 - Started DemoSshVueApplication in 8.917 seconds (JVM running for 11.712)
2021-08-26 10:40:41.367 [INFO] [scheduling-1] [] [com.lazy.demo.sshvue.server.api.service.impl.TokenServiceImpl] 55 - 开始清理截止 [2021-08-26T10:10:41.367] 过期的token
2021-08-26 10:40:42.005 [INFO] [scheduling-1] [] [com.lazy.demo.sshvue.server.api.service.impl.TokenServiceImpl] 55 - 开始清理截止 [2021-08-26T10:10:42.005] 过期的token
2021-08-26 10:40:42.994 [INFO] [scheduling-1] [] [com.lazy.demo.sshvue.server.api.service.impl.TokenServiceImpl] 55 - 开始清理截止 [2021-08-26T10:10:42.994] 过期的token
2021-08-26 10:40:43.995 [INFO] [scheduling-1] [] [com.lazy.demo.sshvue.server.api.service.impl.TokenServiceImpl] 55 - 开始清理截止 [2021-08-26T10:10:43.995] 过期的token
2021-08-26 10:40:49.428 [INFO] [scheduling-1] [] [com.lazy.demo.sshvue.server.api.service.impl.TokenServiceImpl] 55 - 开始清理截止 [2021-08-26T10:10:49.428] 过期的token
2021-08-26 10:40:49.998 [INFO] [scheduling-1] [] [com.lazy.demo.sshvue.server.api.service.impl.TokenServiceImpl] 55 - 开始清理截止 [2021-08-26T10:10:49.998] 过期的token
2021-08-26 10:40:50.934 [INFO] [scheduling-1] [] [com.lazy.demo.sshvue.server.api.service.impl.TokenServiceImpl] 55 - 开始清理截止 [2021-08-26T10:10:50.934] 过期的token
2021-08-26 10:40:51.888 [INFO] [scheduling-1] [] [com.lazy.demo.sshvue.server.api.service.impl.TokenServiceImpl] 55 - 开始清理截止 [2021-08-26T10:10:51.888] 过期的token
2021-08-26 10:40:52.888 [INFO] [scheduling-1] [] [com.lazy.demo.sshvue.server.api.service.impl.TokenServiceImpl] 55 - 开始清理截止 [2021-08-26T10:10:52.888] 过期的token
2021-08-26 10:40:53.884 [INFO] [scheduling-1] [] [com.lazy.demo.sshvue.server.api.service.impl.TokenServiceImpl] 55 - 开始清理截止 [2021-08-26T10:10:53.884] 过期的token
2021-08-26 10:40:54.882 [INFO] [scheduling-1] [] [com.lazy.demo.sshvue.server.api.service.impl.TokenServiceImpl] 55 - 开始清理截止 [2021-08-26T10:10:54.882] 过期的token
2021-08-26 10:40:55.882 [INFO] [scheduling-1] [] [com.lazy.demo.sshvue.server.api.service.impl.TokenServiceImpl] 55 - 开始清理截止 [2021-08-26T10:10:55.882] 过期的token
2021-08-26 10:40:56.880 [INFO] [scheduling-1] [] [com.lazy.demo.sshvue.server.api.service.impl.TokenServiceImpl] 55 - 开始清理截止 [2021-08-26T10:10:56.880] 过期的token
2021-08-26 10:40:57.882 [INFO] [scheduling-1] [] [com.lazy.demo.sshvue.server.api.service.impl.TokenServiceImpl] 55 - 开始清理截止 [2021-08-26T10:10:57.882] 过期的token
2021-08-26 10:40:58.884 [INFO] [scheduling-1] [] [com.lazy.demo.sshvue.server.api.service.impl.TokenServiceImpl] 55 - 开始清理截止 [2021-08-26T10:10:58.884] 过期的token
2021-08-26 10:50:03.275 [INFO] [scheduling-1] [] [com.lazy.demo.sshvue.server.api.service.impl.TokenServiceImpl] 55 - 开始清理截止 [2021-08-26T10:20:03.275] 过期的token
2021-08-26 10:50:04.004 [INFO] [scheduling-1] [] [com.lazy.demo.sshvue.server.api.service.impl.TokenServiceImpl] 55 - 开始清理截止 [2021-08-26T10:20:04.004] 过期的token
2021-08-26 10:50:05.006 [INFO] [scheduling-1] [] [com.lazy.demo.sshvue.server.api.service.impl.TokenServiceImpl] 55 - 开始清理截止 [2021-08-26T10:20:05.006] 过期的token
2021-08-26 10:50:06.002 [INFO] [scheduling-1] [] [com.lazy.demo.sshvue.server.api.service.impl.TokenServiceImpl] 55 - 开始清理截止 [2021-08-26T10:20:06.002] 过期的token
2021-08-26 10:50:07.002 [INFO] [scheduling-1] [] [com.lazy.demo.sshvue.server.api.service.impl.TokenServiceImpl] 55 - 开始清理截止 [2021-08-26T10:20:07.002] 过期的token
2021-08-26 10:50:08.002 [INFO] [scheduling-1] [] [com.lazy.demo.sshvue.server.api.service.impl.TokenServiceImpl] 55 - 开始清理截止 [2021-08-26T10:20:08.002] 过期的token
2021-08-26 10:50:09.004 [INFO] [scheduling-1] [] [com.lazy.demo.sshvue.server.api.service.impl.TokenServiceImpl] 55 - 开始清理截止 [2021-08-26T10:20:09.004] 过期的token
2021-08-26 10:50:10.004 [INFO] [scheduling-1] [] [com.lazy.demo.sshvue.server.api.service.impl.TokenServiceImpl] 55 - 开始清理截止 [2021-08-26T10:20:10.004] 过期的token
2021-08-26 10:50:11.003 [INFO] [scheduling-1] [] [com.lazy.demo.sshvue.server.api.service.impl.TokenServiceImpl] 55 - 开始清理截止 [2021-08-26T10:20:11.003] 过期的token
2021-08-26 10:50:12.013 [INFO] [scheduling-1] [] [com.lazy.demo.sshvue.server.api.service.impl.TokenServiceImpl] 55 - 开始清理截止 [2021-08-26T10:20:12.013] 过期的token
2021-08-26 10:50:13.038 [INFO] [scheduling-1] [] [com.lazy.demo.sshvue.server.api.service.impl.TokenServiceImpl] 55 - 开始清理截止 [2021-08-26T10:20:13.038] 过期的token
2021-08-26 10:50:14.097 [INFO] [scheduling-1] [] [com.lazy.demo.sshvue.server.api.service.impl.TokenServiceImpl] 55 - 开始清理截止 [2021-08-26T10:20:14.097] 过期的token
2021-08-26 10:50:15.096 [INFO] [scheduling-1] [] [com.lazy.demo.sshvue.server.api.service.impl.TokenServiceImpl] 55 - 开始清理截止 [2021-08-26T10:20:15.096] 过期的token
2021-08-26 10:50:16.092 [INFO] [scheduling-1] [] [com.lazy.demo.sshvue.server.api.service.impl.TokenServiceImpl] 55 - 开始清理截止 [2021-08-26T10:20:16.092] 过期的token
2021-08-26 10:50:17.101 [INFO] [scheduling-1] [] [com.lazy.demo.sshvue.server.api.service.impl.TokenServiceImpl] 55 - 开始清理截止 [2021-08-26T10:20:17.101] 过期的token
2021-08-26 10:50:18.093 [INFO] [scheduling-1] [] [com.lazy.demo.sshvue.server.api.service.impl.TokenServiceImpl] 55 - 开始清理截止 [2021-08-26T10:20:18.093] 过期的token
2021-08-26 10:50:19.093 [INFO] [scheduling-1] [] [com.lazy.demo.sshvue.server.api.service.impl.TokenServiceImpl] 55 - 开始清理截止 [2021-08-26T10:20:19.093] 过期的token
2021-08-26 10:50:20.115 [INFO] [scheduling-1] [] [com.lazy.demo.sshvue.server.api.service.impl.TokenServiceImpl] 55 - 开始清理截止 [2021-08-26T10:20:20.115] 过期的token
2021-08-26 10:50:21.090 [INFO] [scheduling-1] [] [com.lazy.demo.sshvue.server.api.service.impl.TokenServiceImpl] 55 - 开始清理截止 [2021-08-26T10:20:21.090] 过期的token
2021-08-26 10:50:22.096 [INFO] [scheduling-1] [] [com.lazy.demo.sshvue.server.api.service.impl.TokenServiceImpl] 55 - 开始清理截止 [2021-08-26T10:20:22.096] 过期的token
2021-08-26 10:50:23.093 [INFO] [scheduling-1] [] [com.lazy.demo.sshvue.server.api.service.impl.TokenServiceImpl] 55 - 开始清理截止 [2021-08-26T10:20:23.093] 过期的token
2021-08-26 10:50:24.051 [INFO] [scheduling-1] [] [com.lazy.demo.sshvue.server.api.service.impl.TokenServiceImpl] 55 - 开始清理截止 [2021-08-26T10:20:24.051] 过期的token
2021-08-26 10:50:24.993 [INFO] [scheduling-1] [] [com.lazy.demo.sshvue.server.api.service.impl.TokenServiceImpl] 55 - 开始清理截止 [2021-08-26T10:20:24.993] 过期的token
2021-08-26 10:50:25.992 [INFO] [scheduling-1] [] [com.lazy.demo.sshvue.server.api.service.impl.TokenServiceImpl] 55 - 开始清理截止 [2021-08-26T10:20:25.992] 过期的token
2021-08-26 10:50:26.991 [INFO] [scheduling-1] [] [com.lazy.demo.sshvue.server.api.service.impl.TokenServiceImpl] 55 - 开始清理截止 [2021-08-26T10:20:26.991] 过期的token
2021-08-26 10:50:28.015 [INFO] [scheduling-1] [] [com.lazy.demo.sshvue.server.api.service.impl.TokenServiceImpl] 55 - 开始清理截止 [2021-08-26T10:20:28.015] 过期的token
2021-08-26 10:50:28.994 [INFO] [scheduling-1] [] [com.lazy.demo.sshvue.server.api.service.impl.TokenServiceImpl] 55 - 开始清理截止 [2021-08-26T10:20:28.994] 过期的token
2021-08-26 10:50:29.992 [INFO] [scheduling-1] [] [com.lazy.demo.sshvue.server.api.service.impl.TokenServiceImpl] 55 - 开始清理截止 [2021-08-26T10:20:29.992] 过期的token
2021-08-26 10:50:30.993 [INFO] [scheduling-1] [] [com.lazy.demo.sshvue.server.api.service.impl.TokenServiceImpl] 55 - 开始清理截止 [2021-08-26T10:20:30.993] 过期的token
2021-08-26 10:50:31.993 [INFO] [scheduling-1] [] [com.lazy.demo.sshvue.server.api.service.impl.TokenServiceImpl] 55 - 开始清理截止 [2021-08-26T10:20:31.993] 过期的token
2021-08-26 10:50:32.995 [INFO] [scheduling-1] [] [com.lazy.demo.sshvue.server.api.service.impl.TokenServiceImpl] 55 - 开始清理截止 [2021-08-26T10:20:32.995] 过期的token
2021-08-26 10:50:33.952 [INFO] [scheduling-1] [] [com.lazy.demo.sshvue.server.api.service.impl.TokenServiceImpl] 55 - 开始清理截止 [2021-08-26T10:20:33.951] 过期的token
2021-08-26 10:50:34.891 [INFO] [scheduling-1] [] [com.lazy.demo.sshvue.server.api.service.impl.TokenServiceImpl] 55 - 开始清理截止 [2021-08-26T10:20:34.891] 过期的token
2021-08-26 10:50:35.884 [INFO] [scheduling-1] [] [com.lazy.demo.sshvue.server.api.service.impl.TokenServiceImpl] 55 - 开始清理截止 [2021-08-26T10:20:35.884] 过期的token
2021-08-26 10:50:36.883 [INFO] [scheduling-1] [] [com.lazy.demo.sshvue.server.api.service.impl.TokenServiceImpl] 55 - 开始清理截止 [2021-08-26T10:20:36.883] 过期的token
2021-08-26 10:50:37.882 [INFO] [scheduling-1] [] [com.lazy.demo.sshvue.server.api.service.impl.TokenServiceImpl] 55 - 开始清理截止 [2021-08-26T10:20:37.882] 过期的token
2021-08-26 10:50:38.880 [INFO] [scheduling-1] [] [com.lazy.demo.sshvue.server.api.service.impl.TokenServiceImpl] 55 - 开始清理截止 [2021-08-26T10:20:38.880] 过期的token
2021-08-26 10:50:39.882 [INFO] [scheduling-1] [] [com.lazy.demo.sshvue.server.api.service.impl.TokenServiceImpl] 55 - 开始清理截止 [2021-08-26T10:20:39.882] 过期的token
2021-08-26 10:50:40.882 [INFO] [scheduling-1] [] [com.lazy.demo.sshvue.server.api.service.impl.TokenServiceImpl] 55 - 开始清理截止 [2021-08-26T10:20:40.882] 过期的token
2021-08-26 10:50:41.882 [INFO] [scheduling-1] [] [com.lazy.demo.sshvue.server.api.service.impl.TokenServiceImpl] 55 - 开始清理截止 [2021-08-26T10:20:41.882] 过期的token
2021-08-26 10:50:42.921 [INFO] [scheduling-1] [] [com.lazy.demo.sshvue.server.api.service.impl.TokenServiceImpl] 55 - 开始清理截止 [2021-08-26T10:20:42.921] 过期的token
2021-08-26 10:50:43.981 [INFO] [scheduling-1] [] [com.lazy.demo.sshvue.server.api.service.impl.TokenServiceImpl] 55 - 开始清理截止 [2021-08-26T10:20:43.981] 过期的token
2021-08-26 10:50:44.982 [INFO] [scheduling-1] [] [com.lazy.demo.sshvue.server.api.service.impl.TokenServiceImpl] 55 - 开始清理截止 [2021-08-26T10:20:44.982] 过期的token
2021-08-26 10:50:45.982 [INFO] [scheduling-1] [] [com.lazy.demo.sshvue.server.api.service.impl.TokenServiceImpl] 55 - 开始清理截止 [2021-08-26T10:20:45.982] 过期的token
2021-08-26 10:50:46.984 [INFO] [scheduling-1] [] [com.lazy.demo.sshvue.server.api.service.impl.TokenServiceImpl] 55 - 开始清理截止 [2021-08-26T10:20:46.984] 过期的token
2021-08-26 10:50:47.986 [INFO] [scheduling-1] [] [com.lazy.demo.sshvue.server.api.service.impl.TokenServiceImpl] 55 - 开始清理截止 [2021-08-26T10:20:47.986] 过期的token
2021-08-26 10:50:48.982 [INFO] [scheduling-1] [] [com.lazy.demo.sshvue.server.api.service.impl.TokenServiceImpl] 55 - 开始清理截止 [2021-08-26T10:20:48.982] 过期的token
2021-08-26 10:50:49.981 [INFO] [scheduling-1] [] [com.lazy.demo.sshvue.server.api.service.impl.TokenServiceImpl] 55 - 开始清理截止 [2021-08-26T10:20:49.981] 过期的token
2021-08-26 10:50:50.983 [INFO] [scheduling-1] [] [com.lazy.demo.sshvue.server.api.service.impl.TokenServiceImpl] 55 - 开始清理截止 [2021-08-26T10:20:50.983] 过期的token
2021-08-26 10:50:51.982 [INFO] [scheduling-1] [] [com.lazy.demo.sshvue.server.api.service.impl.TokenServiceImpl] 55 - 开始清理截止 [2021-08-26T10:20:51.982] 过期的token
2021-08-26 10:50:53.053 [INFO] [scheduling-1] [] [com.lazy.demo.sshvue.server.api.service.impl.TokenServiceImpl] 55 - 开始清理截止 [2021-08-26T10:20:53.053] 过期的token
2021-08-26 10:50:54.075 [INFO] [scheduling-1] [] [com.lazy.demo.sshvue.server.api.service.impl.TokenServiceImpl] 55 - 开始清理截止 [2021-08-26T10:20:54.075] 过期的token
2021-08-26 10:50:55.076 [INFO] [scheduling-1] [] [com.lazy.demo.sshvue.server.api.service.impl.TokenServiceImpl] 55 - 开始清理截止 [2021-08-26T10:20:55.076] 过期的token
2021-08-26 10:50:56.077 [INFO] [scheduling-1] [] [com.lazy.demo.sshvue.server.api.service.impl.TokenServiceImpl] 55 - 开始清理截止 [2021-08-26T10:20:56.077] 过期的token
2021-08-26 10:50:57.074 [INFO] [scheduling-1] [] [com.lazy.demo.sshvue.server.api.service.impl.TokenServiceImpl] 55 - 开始清理截止 [2021-08-26T10:20:57.074] 过期的token
2021-08-26 10:50:58.077 [INFO] [scheduling-1] [] [com.lazy.demo.sshvue.server.api.service.impl.TokenServiceImpl] 55 - 开始清理截止 [2021-08-26T10:20:58.076] 过期的token
2021-08-26 10:50:59.074 [INFO] [scheduling-1] [] [com.lazy.demo.sshvue.server.api.service.impl.TokenServiceImpl] 55 - 开始清理截止 [2021-08-26T10:20:59.074] 过期的token
2021-08-26 10:58:08.872 [INFO] [main] [] [com.lazy.demo.sshvue.server.api.DemoSshVueApplication] 55 - Starting DemoSshVueApplication on PC-201803081055 with PID 11672 (E:\project\demo-ssh-vue\server-ssh\target\classes started by Administrator in E:\project\demo-ssh-vue)
2021-08-26 10:58:08.880 [INFO] [main] [] [com.lazy.demo.sshvue.server.api.DemoSshVueApplication] 651 - No active profile set, falling back to default profiles: default
2021-08-26 10:58:10.815 [INFO] [main] [] [org.springframework.data.repository.config.RepositoryConfigurationDelegate] 249 - Multiple Spring Data modules found, entering strict repository configuration mode!
2021-08-26 10:58:10.817 [INFO] [main] [] [org.springframework.data.repository.config.RepositoryConfigurationDelegate] 127 - Bootstrapping Spring Data JDBC repositories in DEFAULT mode.
2021-08-26 10:58:10.940 [INFO] [main] [] [org.springframework.data.repository.config.RepositoryConfigurationExtensionSupport] 348 - Spring Data JDBC - Could not safely identify store assignment for repository candidate interface com.lazy.demo.sshvue.server.api.dao.IAccountRepository. If you want this repository to be a JDBC repository, consider annotating your entities with one of these annotations: org.springframework.data.relational.core.mapping.Table.
2021-08-26 10:58:10.942 [INFO] [main] [] [org.springframework.data.repository.config.RepositoryConfigurationExtensionSupport] 348 - Spring Data JDBC - Could not safely identify store assignment for repository candidate interface com.lazy.demo.sshvue.server.api.dao.IExampleRepository. If you want this repository to be a JDBC repository, consider annotating your entities with one of these annotations: org.springframework.data.relational.core.mapping.Table.
2021-08-26 10:58:10.945 [INFO] [main] [] [org.springframework.data.repository.config.RepositoryConfigurationExtensionSupport] 348 - Spring Data JDBC - Could not safely identify store assignment for repository candidate interface com.lazy.demo.sshvue.server.api.dao.ITokenRepository. If you want this repository to be a JDBC repository, consider annotating your entities with one of these annotations: org.springframework.data.relational.core.mapping.Table.
2021-08-26 10:58:10.947 [INFO] [main] [] [org.springframework.data.repository.config.RepositoryConfigurationExtensionSupport] 348 - Spring Data JDBC - Could not safely identify store assignment for repository candidate interface com.lazy.demo.sshvue.server.api.dao.IUniqueRepository. If you want this repository to be a JDBC repository, consider annotating your entities with one of these annotations: org.springframework.data.relational.core.mapping.Table.
2021-08-26 10:58:10.949 [INFO] [main] [] [org.springframework.data.repository.config.RepositoryConfigurationDelegate] 187 - Finished Spring Data repository scanning in 113ms. Found 0 JDBC repository interfaces.
2021-08-26 10:58:10.975 [INFO] [main] [] [org.springframework.data.repository.config.RepositoryConfigurationDelegate] 249 - Multiple Spring Data modules found, entering strict repository configuration mode!
2021-08-26 10:58:10.980 [INFO] [main] [] [org.springframework.data.repository.config.RepositoryConfigurationDelegate] 127 - Bootstrapping Spring Data JPA repositories in DEFAULT mode.
2021-08-26 10:58:11.100 [INFO] [main] [] [org.springframework.data.repository.config.RepositoryConfigurationDelegate] 187 - Finished Spring Data repository scanning in 101ms. Found 4 JPA repository interfaces.
2021-08-26 10:58:12.123 [INFO] [main] [] [org.springframework.context.support.PostProcessorRegistrationDelegate$BeanPostProcessorChecker] 330 - Bean 'org.springframework.transaction.annotation.ProxyTransactionManagementConfiguration' of type [org.springframework.transaction.annotation.ProxyTransactionManagementConfiguration] is not eligible for getting processed by all BeanPostProcessors (for example: not eligible for auto-proxying)
2021-08-26 10:58:14.342 [INFO] [main] [] [org.springframework.boot.web.embedded.tomcat.TomcatWebServer] 92 - Tomcat initialized with port(s): 8081 (http)
2021-08-26 10:58:14.397 [INFO] [main] [] [org.apache.catalina.core.StandardService] 173 - Starting service [Tomcat]
2021-08-26 10:58:14.398 [INFO] [main] [] [org.apache.catalina.core.StandardEngine] 173 - Starting Servlet engine: [Apache Tomcat/9.0.30]
2021-08-26 10:58:14.900 [INFO] [main] [] [org.apache.catalina.core.ContainerBase.[Tomcat].[localhost].[/v1/demo-ssh-vue-api]] 173 - Initializing Spring embedded WebApplicationContext
2021-08-26 10:58:14.901 [INFO] [main] [] [org.springframework.web.context.ContextLoader] 284 - Root WebApplicationContext: initialization completed in 5770 ms
2021-08-26 10:58:15.825 [INFO] [main] [] [org.hibernate.jpa.internal.util.LogHelper] 31 - HHH000204: Processing PersistenceUnitInfo [name: default]
2021-08-26 10:58:16.038 [INFO] [main] [] [org.hibernate.Version] 46 - HHH000412: Hibernate Core {5.4.10.Final}
2021-08-26 10:58:16.620 [INFO] [main] [] [org.hibernate.annotations.common.Version] 49 - HCANN000001: Hibernate Commons Annotations {5.1.0.Final}
2021-08-26 10:58:16.821 [INFO] [main] [] [com.zaxxer.hikari.HikariDataSource] 110 - HikariPool-1 - Starting...
2021-08-26 10:58:18.515 [INFO] [main] [] [com.zaxxer.hikari.HikariDataSource] 123 - HikariPool-1 - Start completed.
2021-08-26 10:58:18.546 [INFO] [main] [] [org.hibernate.dialect.Dialect] 172 - HHH000400: Using dialect: org.hibernate.dialect.MySQL5Dialect
2021-08-26 10:58:20.868 [INFO] [main] [] [org.hibernate.engine.transaction.jta.platform.internal.JtaPlatformInitiator] 52 - HHH000490: Using JtaPlatform implementation: [org.hibernate.engine.transaction.jta.platform.internal.NoJtaPlatform]
2021-08-26 10:58:20.883 [INFO] [main] [] [org.springframework.orm.jpa.LocalContainerEntityManagerFactoryBean] 416 - Initialized JPA EntityManagerFactory for persistence unit 'default'
2021-08-26 10:58:23.011 [WARN] [main] [] [org.springframework.boot.autoconfigure.orm.jpa.JpaBaseConfiguration$JpaWebConfiguration] 220 - spring.jpa.open-in-view is enabled by default. Therefore, database queries may be performed during view rendering. Explicitly configure spring.jpa.open-in-view to disable this warning
2021-08-26 10:58:23.247 [INFO] [main] [] [org.springframework.scheduling.concurrent.ThreadPoolTaskScheduler] 171 - Initializing ExecutorService 'taskScheduler'
2021-08-26 10:58:23.339 [INFO] [main] [] [org.springframework.boot.web.embedded.tomcat.TomcatWebServer] 204 - Tomcat started on port(s): 8081 (http) with context path '/v1/demo-ssh-vue-api'
2021-08-26 10:58:23.344 [INFO] [main] [] [com.lazy.demo.sshvue.server.api.DemoSshVueApplication] 61 - Started DemoSshVueApplication in 14.825 seconds (JVM running for 16.772)
2021-08-26 10:59:59.948 [INFO] [scheduling-1] [] [com.lazy.demo.sshvue.server.api.service.impl.TokenServiceImpl] 55 - 开始清理截止 [2021-08-26T10:29:59.948] 过期的token
2021-08-26 11:00:01.101 [INFO] [scheduling-1] [] [com.lazy.demo.sshvue.server.api.service.impl.TokenServiceImpl] 55 - 开始清理截止 [2021-08-26T10:30:01.101] 过期的token
2021-08-26 11:00:02.095 [INFO] [scheduling-1] [] [com.lazy.demo.sshvue.server.api.service.impl.TokenServiceImpl] 55 - 开始清理截止 [2021-08-26T10:30:02.095] 过期的token
2021-08-26 11:00:03.093 [INFO] [scheduling-1] [] [com.lazy.demo.sshvue.server.api.service.impl.TokenServiceImpl] 55 - 开始清理截止 [2021-08-26T10:30:03.093] 过期的token
2021-08-26 11:00:04.096 [INFO] [scheduling-1] [] [com.lazy.demo.sshvue.server.api.service.impl.TokenServiceImpl] 55 - 开始清理截止 [2021-08-26T10:30:04.096] 过期的token
2021-08-26 11:00:05.094 [INFO] [scheduling-1] [] [com.lazy.demo.sshvue.server.api.service.impl.TokenServiceImpl] 55 - 开始清理截止 [2021-08-26T10:30:05.094] 过期的token
2021-08-26 11:00:06.098 [INFO] [scheduling-1] [] [com.lazy.demo.sshvue.server.api.service.impl.TokenServiceImpl] 55 - 开始清理截止 [2021-08-26T10:30:06.098] 过期的token
2021-08-26 11:00:07.015 [INFO] [scheduling-1] [] [com.lazy.demo.sshvue.server.api.service.impl.TokenServiceImpl] 55 - 开始清理截止 [2021-08-26T10:30:07.015] 过期的token
2021-08-26 11:00:07.995 [INFO] [scheduling-1] [] [com.lazy.demo.sshvue.server.api.service.impl.TokenServiceImpl] 55 - 开始清理截止 [2021-08-26T10:30:07.995] 过期的token
2021-08-26 11:00:08.992 [INFO] [scheduling-1] [] [com.lazy.demo.sshvue.server.api.service.impl.TokenServiceImpl] 55 - 开始清理截止 [2021-08-26T10:30:08.992] 过期的token
2021-08-26 11:00:09.997 [INFO] [scheduling-1] [] [com.lazy.demo.sshvue.server.api.service.impl.TokenServiceImpl] 55 - 开始清理截止 [2021-08-26T10:30:09.997] 过期的token
2021-08-26 11:00:10.998 [INFO] [scheduling-1] [] [com.lazy.demo.sshvue.server.api.service.impl.TokenServiceImpl] 55 - 开始清理截止 [2021-08-26T10:30:10.998] 过期的token
2021-08-26 11:00:11.996 [INFO] [scheduling-1] [] [com.lazy.demo.sshvue.server.api.service.impl.TokenServiceImpl] 55 - 开始清理截止 [2021-08-26T10:30:11.996] 过期的token
2021-08-26 11:00:12.993 [INFO] [scheduling-1] [] [com.lazy.demo.sshvue.server.api.service.impl.TokenServiceImpl] 55 - 开始清理截止 [2021-08-26T10:30:12.993] 过期的token
2021-08-26 11:00:13.992 [INFO] [scheduling-1] [] [com.lazy.demo.sshvue.server.api.service.impl.TokenServiceImpl] 55 - 开始清理截止 [2021-08-26T10:30:13.992] 过期的token
2021-08-26 11:00:14.993 [INFO] [scheduling-1] [] [com.lazy.demo.sshvue.server.api.service.impl.TokenServiceImpl] 55 - 开始清理截止 [2021-08-26T10:30:14.993] 过期的token
2021-08-26 11:00:15.995 [INFO] [scheduling-1] [] [com.lazy.demo.sshvue.server.api.service.impl.TokenServiceImpl] 55 - 开始清理截止 [2021-08-26T10:30:15.995] 过期的token
2021-08-26 11:00:16.919 [INFO] [scheduling-1] [] [com.lazy.demo.sshvue.server.api.service.impl.TokenServiceImpl] 55 - 开始清理截止 [2021-08-26T10:30:16.919] 过期的token
2021-08-26 11:00:17.887 [INFO] [scheduling-1] [] [com.lazy.demo.sshvue.server.api.service.impl.TokenServiceImpl] 55 - 开始清理截止 [2021-08-26T10:30:17.887] 过期的token
2021-08-26 11:00:18.883 [INFO] [scheduling-1] [] [com.lazy.demo.sshvue.server.api.service.impl.TokenServiceImpl] 55 - 开始清理截止 [2021-08-26T10:30:18.883] 过期的token
2021-08-26 11:00:19.881 [INFO] [scheduling-1] [] [com.lazy.demo.sshvue.server.api.service.impl.TokenServiceImpl] 55 - 开始清理截止 [2021-08-26T10:30:19.881] 过期的token
2021-08-26 11:00:20.883 [INFO] [scheduling-1] [] [com.lazy.demo.sshvue.server.api.service.impl.TokenServiceImpl] 55 - 开始清理截止 [2021-08-26T10:30:20.883] 过期的token
2021-08-26 11:00:21.880 [INFO] [scheduling-1] [] [com.lazy.demo.sshvue.server.api.service.impl.TokenServiceImpl] 55 - 开始清理截止 [2021-08-26T10:30:21.880] 过期的token
2021-08-26 11:00:22.881 [INFO] [scheduling-1] [] [com.lazy.demo.sshvue.server.api.service.impl.TokenServiceImpl] 55 - 开始清理截止 [2021-08-26T10:30:22.881] 过期的token
2021-08-26 11:00:23.880 [INFO] [scheduling-1] [] [com.lazy.demo.sshvue.server.api.service.impl.TokenServiceImpl] 55 - 开始清理截止 [2021-08-26T10:30:23.880] 过期的token
2021-08-26 11:00:24.881 [INFO] [scheduling-1] [] [com.lazy.demo.sshvue.server.api.service.impl.TokenServiceImpl] 55 - 开始清理截止 [2021-08-26T10:30:24.881] 过期的token
2021-08-26 11:00:25.960 [INFO] [scheduling-1] [] [com.lazy.demo.sshvue.server.api.service.impl.TokenServiceImpl] 55 - 开始清理截止 [2021-08-26T10:30:25.960] 过期的token
2021-08-26 11:00:26.986 [INFO] [scheduling-1] [] [com.lazy.demo.sshvue.server.api.service.impl.TokenServiceImpl] 55 - 开始清理截止 [2021-08-26T10:30:26.986] 过期的token
2021-08-26 11:00:27.984 [INFO] [scheduling-1] [] [com.lazy.demo.sshvue.server.api.service.impl.TokenServiceImpl] 55 - 开始清理截止 [2021-08-26T10:30:27.984] 过期的token
2021-08-26 11:00:28.983 [INFO] [scheduling-1] [] [com.lazy.demo.sshvue.server.api.service.impl.TokenServiceImpl] 55 - 开始清理截止 [2021-08-26T10:30:28.981] 过期的token
2021-08-26 11:00:29.982 [INFO] [scheduling-1] [] [com.lazy.demo.sshvue.server.api.service.impl.TokenServiceImpl] 55 - 开始清理截止 [2021-08-26T10:30:29.982] 过期的token
2021-08-26 11:00:30.984 [INFO] [scheduling-1] [] [com.lazy.demo.sshvue.server.api.service.impl.TokenServiceImpl] 55 - 开始清理截止 [2021-08-26T10:30:30.983] 过期的token
2021-08-26 11:00:31.982 [INFO] [scheduling-1] [] [com.lazy.demo.sshvue.server.api.service.impl.TokenServiceImpl] 55 - 开始清理截止 [2021-08-26T10:30:31.982] 过期的token
2021-08-26 11:00:32.987 [INFO] [scheduling-1] [] [com.lazy.demo.sshvue.server.api.service.impl.TokenServiceImpl] 55 - 开始清理截止 [2021-08-26T10:30:32.987] 过期的token
2021-08-26 11:00:33.985 [INFO] [scheduling-1] [] [com.lazy.demo.sshvue.server.api.service.impl.TokenServiceImpl] 55 - 开始清理截止 [2021-08-26T10:30:33.985] 过期的token
2021-08-26 11:00:34.985 [INFO] [scheduling-1] [] [com.lazy.demo.sshvue.server.api.service.impl.TokenServiceImpl] 55 - 开始清理截止 [2021-08-26T10:30:34.985] 过期的token
2021-08-26 11:00:36.082 [INFO] [scheduling-1] [] [com.lazy.demo.sshvue.server.api.service.impl.TokenServiceImpl] 55 - 开始清理截止 [2021-08-26T10:30:36.082] 过期的token
2021-08-26 11:00:37.073 [INFO] [scheduling-1] [] [com.lazy.demo.sshvue.server.api.service.impl.TokenServiceImpl] 55 - 开始清理截止 [2021-08-26T10:30:37.073] 过期的token
2021-08-26 11:00:38.076 [INFO] [scheduling-1] [] [com.lazy.demo.sshvue.server.api.service.impl.TokenServiceImpl] 55 - 开始清理截止 [2021-08-26T10:30:38.076] 过期的token
2021-08-26 11:00:39.072 [INFO] [scheduling-1] [] [com.lazy.demo.sshvue.server.api.service.impl.TokenServiceImpl] 55 - 开始清理截止 [2021-08-26T10:30:39.072] 过期的token
2021-08-26 11:00:40.078 [INFO] [scheduling-1] [] [com.lazy.demo.sshvue.server.api.service.impl.TokenServiceImpl] 55 - 开始清理截止 [2021-08-26T10:30:40.078] 过期的token
2021-08-26 11:00:41.073 [INFO] [scheduling-1] [] [com.lazy.demo.sshvue.server.api.service.impl.TokenServiceImpl] 55 - 开始清理截止 [2021-08-26T10:30:41.073] 过期的token
2021-08-26 11:00:46.816 [INFO] [scheduling-1] [] [com.lazy.demo.sshvue.server.api.service.impl.TokenServiceImpl] 55 - 开始清理截止 [2021-08-26T10:30:46.816] 过期的token
2021-08-26 11:00:47.004 [INFO] [scheduling-1] [] [com.lazy.demo.sshvue.server.api.service.impl.TokenServiceImpl] 55 - 开始清理截止 [2021-08-26T10:30:47.003] 过期的token
2021-08-26 11:00:48.001 [INFO] [scheduling-1] [] [com.lazy.demo.sshvue.server.api.service.impl.TokenServiceImpl] 55 - 开始清理截止 [2021-08-26T10:30:48.001] 过期的token
2021-08-26 11:00:49.005 [INFO] [scheduling-1] [] [com.lazy.demo.sshvue.server.api.service.impl.TokenServiceImpl] 55 - 开始清理截止 [2021-08-26T10:30:49.005] 过期的token
2021-08-26 11:00:50.008 [INFO] [scheduling-1] [] [com.lazy.demo.sshvue.server.api.service.impl.TokenServiceImpl] 55 - 开始清理截止 [2021-08-26T10:30:50.008] 过期的token
2021-08-26 11:00:51.005 [INFO] [scheduling-1] [] [com.lazy.demo.sshvue.server.api.service.impl.TokenServiceImpl] 55 - 开始清理截止 [2021-08-26T10:30:51.005] 过期的token
2021-08-26 11:00:52.004 [INFO] [scheduling-1] [] [com.lazy.demo.sshvue.server.api.service.impl.TokenServiceImpl] 55 - 开始清理截止 [2021-08-26T10:30:52.004] 过期的token
2021-08-26 11:00:53.003 [INFO] [scheduling-1] [] [com.lazy.demo.sshvue.server.api.service.impl.TokenServiceImpl] 55 - 开始清理截止 [2021-08-26T10:30:53.003] 过期的token
2021-08-26 11:00:54.002 [INFO] [scheduling-1] [] [com.lazy.demo.sshvue.server.api.service.impl.TokenServiceImpl] 55 - 开始清理截止 [2021-08-26T10:30:54.002] 过期的token
2021-08-26 11:00:55.004 [INFO] [scheduling-1] [] [com.lazy.demo.sshvue.server.api.service.impl.TokenServiceImpl] 55 - 开始清理截止 [2021-08-26T10:30:55.004] 过期的token
2021-08-26 11:00:56.003 [INFO] [scheduling-1] [] [com.lazy.demo.sshvue.server.api.service.impl.TokenServiceImpl] 55 - 开始清理截止 [2021-08-26T10:30:56.003] 过期的token
2021-08-26 11:00:57.003 [INFO] [scheduling-1] [] [com.lazy.demo.sshvue.server.api.service.impl.TokenServiceImpl] 55 - 开始清理截止 [2021-08-26T10:30:57.003] 过期的token
2021-08-26 11:00:58.007 [INFO] [scheduling-1] [] [com.lazy.demo.sshvue.server.api.service.impl.TokenServiceImpl] 55 - 开始清理截止 [2021-08-26T10:30:58.007] 过期的token
2021-08-26 11:00:59.003 [INFO] [scheduling-1] [] [com.lazy.demo.sshvue.server.api.service.impl.TokenServiceImpl] 55 - 开始清理截止 [2021-08-26T10:30:59.003] 过期的token
2021-08-26 11:09:27.977 [INFO] [http-nio-8081-exec-1] [] [org.apache.catalina.core.ContainerBase.[Tomcat].[localhost].[/v1/demo-ssh-vue-api]] 173 - Initializing Spring DispatcherServlet 'dispatcherServlet'
2021-08-26 11:09:27.979 [INFO] [http-nio-8081-exec-1] [] [org.springframework.web.servlet.DispatcherServlet] 525 - Initializing Servlet 'dispatcherServlet'
2021-08-26 11:09:28.584 [INFO] [http-nio-8081-exec-1] [] [org.springframework.web.servlet.DispatcherServlet] 547 - Completed initialization in 605 ms
2021-08-26 11:10:03.259 [INFO] [scheduling-1] [] [com.lazy.demo.sshvue.server.api.service.impl.TokenServiceImpl] 55 - 开始清理截止 [2021-08-26T10:40:03.259] 过期的token
2021-08-26 11:10:03.926 [INFO] [scheduling-1] [] [com.lazy.demo.sshvue.server.api.service.impl.TokenServiceImpl] 55 - 开始清理截止 [2021-08-26T10:40:03.926] 过期的token
2021-08-26 11:10:04.892 [INFO] [scheduling-1] [] [com.lazy.demo.sshvue.server.api.service.impl.TokenServiceImpl] 55 - 开始清理截止 [2021-08-26T10:40:04.892] 过期的token
2021-08-26 11:10:05.884 [INFO] [scheduling-1] [] [com.lazy.demo.sshvue.server.api.service.impl.TokenServiceImpl] 55 - 开始清理截止 [2021-08-26T10:40:05.883] 过期的token
2021-08-26 11:10:06.890 [INFO] [scheduling-1] [] [com.lazy.demo.sshvue.server.api.service.impl.TokenServiceImpl] 55 - 开始清理截止 [2021-08-26T10:40:06.890] 过期的token
2021-08-26 11:10:07.884 [INFO] [scheduling-1] [] [com.lazy.demo.sshvue.server.api.service.impl.TokenServiceImpl] 55 - 开始清理截止 [2021-08-26T10:40:07.884] 过期的token
2021-08-26 11:10:08.893 [INFO] [scheduling-1] [] [com.lazy.demo.sshvue.server.api.service.impl.TokenServiceImpl] 55 - 开始清理截止 [2021-08-26T10:40:08.893] 过期的token
2021-08-26 11:10:09.981 [INFO] [scheduling-1] [] [com.lazy.demo.sshvue.server.api.service.impl.TokenServiceImpl] 55 - 开始清理截止 [2021-08-26T10:40:09.981] 过期的token
2021-08-26 11:10:10.983 [INFO] [scheduling-1] [] [com.lazy.demo.sshvue.server.api.service.impl.TokenServiceImpl] 55 - 开始清理截止 [2021-08-26T10:40:10.983] 过期的token
2021-08-26 11:10:11.983 [INFO] [scheduling-1] [] [com.lazy.demo.sshvue.server.api.service.impl.TokenServiceImpl] 55 - 开始清理截止 [2021-08-26T10:40:11.983] 过期的token
2021-08-26 11:10:12.982 [INFO] [scheduling-1] [] [com.lazy.demo.sshvue.server.api.service.impl.TokenServiceImpl] 55 - 开始清理截止 [2021-08-26T10:40:12.982] 过期的token
2021-08-26 11:10:13.983 [INFO] [scheduling-1] [] [com.lazy.demo.sshvue.server.api.service.impl.TokenServiceImpl] 55 - 开始清理截止 [2021-08-26T10:40:13.983] 过期的token
2021-08-26 11:10:14.982 [INFO] [scheduling-1] [] [com.lazy.demo.sshvue.server.api.service.impl.TokenServiceImpl] 55 - 开始清理截止 [2021-08-26T10:40:14.982] 过期的token
2021-08-26 11:10:15.985 [INFO] [scheduling-1] [] [com.lazy.demo.sshvue.server.api.service.impl.TokenServiceImpl] 55 - 开始清理截止 [2021-08-26T10:40:15.985] 过期的token
2021-08-26 11:10:16.985 [INFO] [scheduling-1] [] [com.lazy.demo.sshvue.server.api.service.impl.TokenServiceImpl] 55 - 开始清理截止 [2021-08-26T10:40:16.985] 过期的token
2021-08-26 11:10:17.982 [INFO] [scheduling-1] [] [com.lazy.demo.sshvue.server.api.service.impl.TokenServiceImpl] 55 - 开始清理截止 [2021-08-26T10:40:17.981] 过期的token
2021-08-26 11:10:19.022 [INFO] [scheduling-1] [] [com.lazy.demo.sshvue.server.api.service.impl.TokenServiceImpl] 55 - 开始清理截止 [2021-08-26T10:40:19.022] 过期的token
2021-08-26 11:10:20.081 [INFO] [scheduling-1] [] [com.lazy.demo.sshvue.server.api.service.impl.TokenServiceImpl] 55 - 开始清理截止 [2021-08-26T10:40:20.081] 过期的token
2021-08-26 11:10:21.075 [INFO] [scheduling-1] [] [com.lazy.demo.sshvue.server.api.service.impl.TokenServiceImpl] 55 - 开始清理截止 [2021-08-26T10:40:21.075] 过期的token
2021-08-26 11:10:22.074 [INFO] [scheduling-1] [] [com.lazy.demo.sshvue.server.api.service.impl.TokenServiceImpl] 55 - 开始清理截止 [2021-08-26T10:40:22.074] 过期的token
2021-08-26 11:10:23.078 [INFO] [scheduling-1] [] [com.lazy.demo.sshvue.server.api.service.impl.TokenServiceImpl] 55 - 开始清理截止 [2021-08-26T10:40:23.078] 过期的token
2021-08-26 11:10:24.086 [INFO] [scheduling-1] [] [com.lazy.demo.sshvue.server.api.service.impl.TokenServiceImpl] 55 - 开始清理截止 [2021-08-26T10:40:24.082] 过期的token
2021-08-26 11:10:25.073 [INFO] [scheduling-1] [] [com.lazy.demo.sshvue.server.api.service.impl.TokenServiceImpl] 55 - 开始清理截止 [2021-08-26T10:40:25.073] 过期的token
2021-08-26 11:10:26.074 [INFO] [scheduling-1] [] [com.lazy.demo.sshvue.server.api.service.impl.TokenServiceImpl] 55 - 开始清理截止 [2021-08-26T10:40:26.074] 过期的token
2021-08-26 11:10:27.079 [INFO] [scheduling-1] [] [com.lazy.demo.sshvue.server.api.service.impl.TokenServiceImpl] 55 - 开始清理截止 [2021-08-26T10:40:27.079] 过期的token
2021-08-26 11:10:28.075 [INFO] [scheduling-1] [] [com.lazy.demo.sshvue.server.api.service.impl.TokenServiceImpl] 55 - 开始清理截止 [2021-08-26T10:40:28.075] 过期的token
2021-08-26 11:10:29.077 [INFO] [scheduling-1] [] [com.lazy.demo.sshvue.server.api.service.impl.TokenServiceImpl] 55 - 开始清理截止 [2021-08-26T10:40:29.077] 过期的token
2021-08-26 11:10:30.024 [INFO] [scheduling-1] [] [com.lazy.demo.sshvue.server.api.service.impl.TokenServiceImpl] 55 - 开始清理截止 [2021-08-26T10:40:30.024] 过期的token
2021-08-26 11:10:31.005 [INFO] [scheduling-1] [] [com.lazy.demo.sshvue.server.api.service.impl.TokenServiceImpl] 55 - 开始清理截止 [2021-08-26T10:40:31.005] 过期的token
2021-08-26 11:10:32.003 [INFO] [scheduling-1] [] [com.lazy.demo.sshvue.server.api.service.impl.TokenServiceImpl] 55 - 开始清理截止 [2021-08-26T10:40:32.003] 过期的token
2021-08-26 11:10:33.001 [INFO] [scheduling-1] [] [com.lazy.demo.sshvue.server.api.service.impl.TokenServiceImpl] 55 - 开始清理截止 [2021-08-26T10:40:33.001] 过期的token
2021-08-26 11:10:34.005 [INFO] [scheduling-1] [] [com.lazy.demo.sshvue.server.api.service.impl.TokenServiceImpl] 55 - 开始清理截止 [2021-08-26T10:40:34.005] 过期的token
2021-08-26 11:10:35.002 [INFO] [scheduling-1] [] [com.lazy.demo.sshvue.server.api.service.impl.TokenServiceImpl] 55 - 开始清理截止 [2021-08-26T10:40:35.002] 过期的token
2021-08-26 11:10:36.005 [INFO] [scheduling-1] [] [com.lazy.demo.sshvue.server.api.service.impl.TokenServiceImpl] 55 - 开始清理截止 [2021-08-26T10:40:36.005] 过期的token
2021-08-26 11:10:37.005 [INFO] [scheduling-1] [] [com.lazy.demo.sshvue.server.api.service.impl.TokenServiceImpl] 55 - 开始清理截止 [2021-08-26T10:40:37.005] 过期的token
2021-08-26 11:10:42.356 [INFO] [scheduling-1] [] [com.lazy.demo.sshvue.server.api.service.impl.TokenServiceImpl] 55 - 开始清理截止 [2021-08-26T10:40:42.356] 过期的token
2021-08-26 11:10:45.422 [INFO] [scheduling-1] [] [com.lazy.demo.sshvue.server.api.service.impl.TokenServiceImpl] 55 - 开始清理截止 [2021-08-26T10:40:45.422] 过期的token
2021-08-26 11:10:46.006 [INFO] [scheduling-1] [] [com.lazy.demo.sshvue.server.api.service.impl.TokenServiceImpl] 55 - 开始清理截止 [2021-08-26T10:40:46.005] 过期的token
2021-08-26 11:10:47.003 [INFO] [scheduling-1] [] [com.lazy.demo.sshvue.server.api.service.impl.TokenServiceImpl] 55 - 开始清理截止 [2021-08-26T10:40:47.002] 过期的token
2021-08-26 11:10:48.002 [INFO] [scheduling-1] [] [com.lazy.demo.sshvue.server.api.service.impl.TokenServiceImpl] 55 - 开始清理截止 [2021-08-26T10:40:48.002] 过期的token
2021-08-26 11:10:49.003 [INFO] [scheduling-1] [] [com.lazy.demo.sshvue.server.api.service.impl.TokenServiceImpl] 55 - 开始清理截止 [2021-08-26T10:40:49.003] 过期的token
2021-08-26 11:10:50.067 [INFO] [scheduling-1] [] [com.lazy.demo.sshvue.server.api.service.impl.TokenServiceImpl] 55 - 开始清理截止 [2021-08-26T10:40:50.067] 过期的token
2021-08-26 11:10:51.094 [INFO] [scheduling-1] [] [com.lazy.demo.sshvue.server.api.service.impl.TokenServiceImpl] 55 - 开始清理截止 [2021-08-26T10:40:51.094] 过期的token
2021-08-26 11:10:52.091 [INFO] [scheduling-1] [] [com.lazy.demo.sshvue.server.api.service.impl.TokenServiceImpl] 55 - 开始清理截止 [2021-08-26T10:40:52.091] 过期的token
2021-08-26 11:10:53.093 [INFO] [scheduling-1] [] [com.lazy.demo.sshvue.server.api.service.impl.TokenServiceImpl] 55 - 开始清理截止 [2021-08-26T10:40:53.093] 过期的token
2021-08-26 11:10:54.094 [INFO] [scheduling-1] [] [com.lazy.demo.sshvue.server.api.service.impl.TokenServiceImpl] 55 - 开始清理截止 [2021-08-26T10:40:54.094] 过期的token
2021-08-26 11:10:55.093 [INFO] [scheduling-1] [] [com.lazy.demo.sshvue.server.api.service.impl.TokenServiceImpl] 55 - 开始清理截止 [2021-08-26T10:40:55.093] 过期的token
2021-08-26 11:10:56.093 [INFO] [scheduling-1] [] [com.lazy.demo.sshvue.server.api.service.impl.TokenServiceImpl] 55 - 开始清理截止 [2021-08-26T10:40:56.093] 过期的token
2021-08-26 11:10:57.092 [INFO] [scheduling-1] [] [com.lazy.demo.sshvue.server.api.service.impl.TokenServiceImpl] 55 - 开始清理截止 [2021-08-26T10:40:57.092] 过期的token
2021-08-26 11:10:58.095 [INFO] [scheduling-1] [] [com.lazy.demo.sshvue.server.api.service.impl.TokenServiceImpl] 55 - 开始清理截止 [2021-08-26T10:40:58.095] 过期的token
2021-08-26 11:10:59.095 [INFO] [scheduling-1] [] [com.lazy.demo.sshvue.server.api.service.impl.TokenServiceImpl] 55 - 开始清理截止 [2021-08-26T10:40:59.095] 过期的token
2021-08-26 11:20:05.767 [INFO] [main] [] [com.lazy.demo.sshvue.server.api.DemoSshVueApplication] 55 - Starting DemoSshVueApplication on PC-201803081055 with PID 4728 (E:\project\demo-ssh-vue\server-ssh\target\classes started by Administrator in E:\project\demo-ssh-vue)
2021-08-26 11:20:05.774 [INFO] [main] [] [com.lazy.demo.sshvue.server.api.DemoSshVueApplication] 651 - No active profile set, falling back to default profiles: default
2021-08-26 11:20:07.024 [INFO] [main] [] [org.springframework.data.repository.config.RepositoryConfigurationDelegate] 249 - Multiple Spring Data modules found, entering strict repository configuration mode!
2021-08-26 11:20:07.027 [INFO] [main] [] [org.springframework.data.repository.config.RepositoryConfigurationDelegate] 127 - Bootstrapping Spring Data JDBC repositories in DEFAULT mode.
2021-08-26 11:20:07.084 [INFO] [main] [] [org.springframework.data.repository.config.RepositoryConfigurationExtensionSupport] 348 - Spring Data JDBC - Could not safely identify store assignment for repository candidate interface com.lazy.demo.sshvue.server.api.dao.IAccountRepository. If you want this repository to be a JDBC repository, consider annotating your entities with one of these annotations: org.springframework.data.relational.core.mapping.Table.
2021-08-26 11:20:07.087 [INFO] [main] [] [org.springframework.data.repository.config.RepositoryConfigurationExtensionSupport] 348 - Spring Data JDBC - Could not safely identify store assignment for repository candidate interface com.lazy.demo.sshvue.server.api.dao.IExampleRepository. If you want this repository to be a JDBC repository, consider annotating your entities with one of these annotations: org.springframework.data.relational.core.mapping.Table.
2021-08-26 11:20:07.089 [INFO] [main] [] [org.springframework.data.repository.config.RepositoryConfigurationExtensionSupport] 348 - Spring Data JDBC - Could not safely identify store assignment for repository candidate interface com.lazy.demo.sshvue.server.api.dao.ITokenRepository. If you want this repository to be a JDBC repository, consider annotating your entities with one of these annotations: org.springframework.data.relational.core.mapping.Table.
2021-08-26 11:20:07.092 [INFO] [main] [] [org.springframework.data.repository.config.RepositoryConfigurationExtensionSupport] 348 - Spring Data JDBC - Could not safely identify store assignment for repository candidate interface com.lazy.demo.sshvue.server.api.dao.IUniqueRepository. If you want this repository to be a JDBC repository, consider annotating your entities with one of these annotations: org.springframework.data.relational.core.mapping.Table.
2021-08-26 11:20:07.093 [INFO] [main] [] [org.springframework.data.repository.config.RepositoryConfigurationDelegate] 187 - Finished Spring Data repository scanning in 60ms. Found 0 JDBC repository interfaces.
2021-08-26 11:20:07.106 [INFO] [main] [] [org.springframework.data.repository.config.RepositoryConfigurationDelegate] 249 - Multiple Spring Data modules found, entering strict repository configuration mode!
2021-08-26 11:20:07.107 [INFO] [main] [] [org.springframework.data.repository.config.RepositoryConfigurationDelegate] 127 - Bootstrapping Spring Data JPA repositories in DEFAULT mode.
2021-08-26 11:20:07.188 [INFO] [main] [] [org.springframework.data.repository.config.RepositoryConfigurationDelegate] 187 - Finished Spring Data repository scanning in 75ms. Found 4 JPA repository interfaces.
2021-08-26 11:20:08.398 [INFO] [main] [] [org.springframework.context.support.PostProcessorRegistrationDelegate$BeanPostProcessorChecker] 330 - Bean 'org.springframework.transaction.annotation.ProxyTransactionManagementConfiguration' of type [org.springframework.transaction.annotation.ProxyTransactionManagementConfiguration] is not eligible for getting processed by all BeanPostProcessors (for example: not eligible for auto-proxying)
2021-08-26 11:20:09.257 [INFO] [main] [] [org.springframework.boot.web.embedded.tomcat.TomcatWebServer] 92 - Tomcat initialized with port(s): 8081 (http)
2021-08-26 11:20:09.276 [INFO] [main] [] [org.apache.catalina.core.StandardService] 173 - Starting service [Tomcat]
2021-08-26 11:20:09.277 [INFO] [main] [] [org.apache.catalina.core.StandardEngine] 173 - Starting Servlet engine: [Apache Tomcat/9.0.30]
2021-08-26 11:20:09.465 [INFO] [main] [] [org.apache.catalina.core.ContainerBase.[Tomcat].[localhost].[/v1/demo-ssh-vue-api]] 173 - Initializing Spring embedded WebApplicationContext
2021-08-26 11:20:09.466 [INFO] [main] [] [org.springframework.web.context.ContextLoader] 284 - Root WebApplicationContext: initialization completed in 3614 ms
2021-08-26 11:20:10.041 [INFO] [main] [] [org.hibernate.jpa.internal.util.LogHelper] 31 - HHH000204: Processing PersistenceUnitInfo [name: default]
2021-08-26 11:20:10.201 [INFO] [main] [] [org.hibernate.Version] 46 - HHH000412: Hibernate Core {5.4.10.Final}
2021-08-26 11:20:10.392 [INFO] [main] [] [org.hibernate.annotations.common.Version] 49 - HCANN000001: Hibernate Commons Annotations {5.1.0.Final}
2021-08-26 11:20:10.542 [INFO] [main] [] [com.zaxxer.hikari.HikariDataSource] 110 - HikariPool-1 - Starting...
2021-08-26 11:20:11.117 [INFO] [main] [] [com.zaxxer.hikari.HikariDataSource] 123 - HikariPool-1 - Start completed.
2021-08-26 11:20:11.142 [INFO] [main] [] [org.hibernate.dialect.Dialect] 172 - HHH000400: Using dialect: org.hibernate.dialect.MySQL5Dialect
2021-08-26 11:20:12.939 [INFO] [main] [] [org.hibernate.engine.transaction.jta.platform.internal.JtaPlatformInitiator] 52 - HHH000490: Using JtaPlatform implementation: [org.hibernate.engine.transaction.jta.platform.internal.NoJtaPlatform]
2021-08-26 11:20:12.953 [INFO] [main] [] [org.springframework.orm.jpa.LocalContainerEntityManagerFactoryBean] 416 - Initialized JPA EntityManagerFactory for persistence unit 'default'
2021-08-26 11:20:14.572 [WARN] [main] [] [org.springframework.boot.autoconfigure.orm.jpa.JpaBaseConfiguration$JpaWebConfiguration] 220 - spring.jpa.open-in-view is enabled by default. Therefore, database queries may be performed during view rendering. Explicitly configure spring.jpa.open-in-view to disable this warning
2021-08-26 11:20:14.841 [INFO] [main] [] [org.springframework.scheduling.concurrent.ThreadPoolTaskScheduler] 171 - Initializing ExecutorService 'taskScheduler'
2021-08-26 11:20:14.939 [INFO] [main] [] [org.springframework.boot.web.embedded.tomcat.TomcatWebServer] 204 - Tomcat started on port(s): 8081 (http) with context path '/v1/demo-ssh-vue-api'
2021-08-26 11:20:14.950 [INFO] [main] [] [com.lazy.demo.sshvue.server.api.DemoSshVueApplication] 61 - Started DemoSshVueApplication in 9.383 seconds (JVM running for 11.603)
2021-08-26 11:20:15.041 [INFO] [scheduling-1] [] [com.lazy.demo.sshvue.server.api.service.impl.TokenServiceImpl] 55 - 开始清理截止 [2021-08-26T10:50:15.041] 过期的token
2021-08-26 11:20:16.098 [INFO] [scheduling-1] [] [com.lazy.demo.sshvue.server.api.service.impl.TokenServiceImpl] 55 - 开始清理截止 [2021-08-26T10:50:16.098] 过期的token
2021-08-26 11:20:17.097 [INFO] [scheduling-1] [] [com.lazy.demo.sshvue.server.api.service.impl.TokenServiceImpl] 55 - 开始清理截止 [2021-08-26T10:50:17.096] 过期的token
2021-08-26 11:20:18.097 [INFO] [scheduling-1] [] [com.lazy.demo.sshvue.server.api.service.impl.TokenServiceImpl] 55 - 开始清理截止 [2021-08-26T10:50:18.097] 过期的token
2021-08-26 11:20:19.097 [INFO] [scheduling-1] [] [com.lazy.demo.sshvue.server.api.service.impl.TokenServiceImpl] 55 - 开始清理截止 [2021-08-26T10:50:19.096] 过期的token
2021-08-26 11:20:20.167 [INFO] [scheduling-1] [] [com.lazy.demo.sshvue.server.api.service.impl.TokenServiceImpl] 55 - 开始清理截止 [2021-08-26T10:50:20.167] 过期的token
2021-08-26 11:20:21.182 [INFO] [scheduling-1] [] [com.lazy.demo.sshvue.server.api.service.impl.TokenServiceImpl] 55 - 开始清理截止 [2021-08-26T10:50:21.182] 过期的token
2021-08-26 11:20:22.179 [INFO] [scheduling-1] [] [com.lazy.demo.sshvue.server.api.service.impl.TokenServiceImpl] 55 - 开始清理截止 [2021-08-26T10:50:22.179] 过期的token
2021-08-26 11:20:23.179 [INFO] [scheduling-1] [] [com.lazy.demo.sshvue.server.api.service.impl.TokenServiceImpl] 55 - 开始清理截止 [2021-08-26T10:50:23.179] 过期的token
2021-08-26 11:20:24.180 [INFO] [scheduling-1] [] [com.lazy.demo.sshvue.server.api.service.impl.TokenServiceImpl] 55 - 开始清理截止 [2021-08-26T10:50:24.180] 过期的token
2021-08-26 11:20:25.178 [INFO] [scheduling-1] [] [com.lazy.demo.sshvue.server.api.service.impl.TokenServiceImpl] 55 - 开始清理截止 [2021-08-26T10:50:25.178] 过期的token
2021-08-26 11:20:26.179 [INFO] [scheduling-1] [] [com.lazy.demo.sshvue.server.api.service.impl.TokenServiceImpl] 55 - 开始清理截止 [2021-08-26T10:50:26.179] 过期的token
2021-08-26 11:20:27.176 [INFO] [scheduling-1] [] [com.lazy.demo.sshvue.server.api.service.impl.TokenServiceImpl] 55 - 开始清理截止 [2021-08-26T10:50:27.176] 过期的token
2021-08-26 11:20:28.183 [INFO] [scheduling-1] [] [com.lazy.demo.sshvue.server.api.service.impl.TokenServiceImpl] 55 - 开始清理截止 [2021-08-26T10:50:28.183] 过期的token
2021-08-26 11:20:29.178 [INFO] [scheduling-1] [] [com.lazy.demo.sshvue.server.api.service.impl.TokenServiceImpl] 55 - 开始清理截止 [2021-08-26T10:50:29.178] 过期的token
2021-08-26 11:20:30.179 [INFO] [scheduling-1] [] [com.lazy.demo.sshvue.server.api.service.impl.TokenServiceImpl] 55 - 开始清理截止 [2021-08-26T10:50:30.179] 过期的token
2021-08-26 11:20:31.176 [INFO] [scheduling-1] [] [com.lazy.demo.sshvue.server.api.service.impl.TokenServiceImpl] 55 - 开始清理截止 [2021-08-26T10:50:31.176] 过期的token
2021-08-26 11:20:32.116 [INFO] [scheduling-1] [] [com.lazy.demo.sshvue.server.api.service.impl.TokenServiceImpl] 55 - 开始清理截止 [2021-08-26T10:50:32.116] 过期的token
2021-08-26 11:20:33.085 [INFO] [scheduling-1] [] [com.lazy.demo.sshvue.server.api.service.impl.TokenServiceImpl] 55 - 开始清理截止 [2021-08-26T10:50:33.085] 过期的token
2021-08-26 11:20:34.087 [INFO] [scheduling-1] [] [com.lazy.demo.sshvue.server.api.service.impl.TokenServiceImpl] 55 - 开始清理截止 [2021-08-26T10:50:34.087] 过期的token
2021-08-26 11:20:35.090 [INFO] [scheduling-1] [] [com.lazy.demo.sshvue.server.api.service.impl.TokenServiceImpl] 55 - 开始清理截止 [2021-08-26T10:50:35.090] 过期的token
2021-08-26 11:20:36.086 [INFO] [scheduling-1] [] [com.lazy.demo.sshvue.server.api.service.impl.TokenServiceImpl] 55 - 开始清理截止 [2021-08-26T10:50:36.086] 过期的token
2021-08-26 11:20:37.088 [INFO] [scheduling-1] [] [com.lazy.demo.sshvue.server.api.service.impl.TokenServiceImpl] 55 - 开始清理截止 [2021-08-26T10:50:37.088] 过期的token
2021-08-26 11:20:38.090 [INFO] [scheduling-1] [] [com.lazy.demo.sshvue.server.api.service.impl.TokenServiceImpl] 55 - 开始清理截止 [2021-08-26T10:50:38.089] 过期的token
2021-08-26 11:20:39.087 [INFO] [scheduling-1] [] [com.lazy.demo.sshvue.server.api.service.impl.TokenServiceImpl] 55 - 开始清理截止 [2021-08-26T10:50:39.087] 过期的token
2021-08-26 11:20:40.089 [INFO] [scheduling-1] [] [com.lazy.demo.sshvue.server.api.service.impl.TokenServiceImpl] 55 - 开始清理截止 [2021-08-26T10:50:40.089] 过期的token
2021-08-26 11:20:41.089 [INFO] [scheduling-1] [] [com.lazy.demo.sshvue.server.api.service.impl.TokenServiceImpl] 55 - 开始清理截止 [2021-08-26T10:50:41.089] 过期的token
2021-08-26 11:20:42.086 [INFO] [scheduling-1] [] [com.lazy.demo.sshvue.server.api.service.impl.TokenServiceImpl] 55 - 开始清理截止 [2021-08-26T10:50:42.086] 过期的token
2021-08-26 11:20:43.029 [INFO] [scheduling-1] [] [com.lazy.demo.sshvue.server.api.service.impl.TokenServiceImpl] 55 - 开始清理截止 [2021-08-26T10:50:43.029] 过期的token
2021-08-26 11:20:43.988 [INFO] [scheduling-1] [] [com.lazy.demo.sshvue.server.api.service.impl.TokenServiceImpl] 55 - 开始清理截止 [2021-08-26T10:50:43.988] 过期的token
2021-08-26 11:20:44.987 [INFO] [scheduling-1] [] [com.lazy.demo.sshvue.server.api.service.impl.TokenServiceImpl] 55 - 开始清理截止 [2021-08-26T10:50:44.987] 过期的token
2021-08-26 11:20:45.988 [INFO] [scheduling-1] [] [com.lazy.demo.sshvue.server.api.service.impl.TokenServiceImpl] 55 - 开始清理截止 [2021-08-26T10:50:45.988] 过期的token
2021-08-26 11:20:46.988 [INFO] [scheduling-1] [] [com.lazy.demo.sshvue.server.api.service.impl.TokenServiceImpl] 55 - 开始清理截止 [2021-08-26T10:50:46.988] 过期的token
2021-08-26 11:20:47.989 [INFO] [scheduling-1] [] [com.lazy.demo.sshvue.server.api.service.impl.TokenServiceImpl] 55 - 开始清理截止 [2021-08-26T10:50:47.989] 过期的token
2021-08-26 11:20:48.986 [INFO] [scheduling-1] [] [com.lazy.demo.sshvue.server.api.service.impl.TokenServiceImpl] 55 - 开始清理截止 [2021-08-26T10:50:48.986] 过期的token
2021-08-26 11:20:49.988 [INFO] [scheduling-1] [] [com.lazy.demo.sshvue.server.api.service.impl.TokenServiceImpl] 55 - 开始清理截止 [2021-08-26T10:50:49.988] 过期的token
2021-08-26 11:20:50.988 [INFO] [scheduling-1] [] [com.lazy.demo.sshvue.server.api.service.impl.TokenServiceImpl] 55 - 开始清理截止 [2021-08-26T10:50:50.988] 过期的token
2021-08-26 11:20:51.986 [INFO] [scheduling-1] [] [com.lazy.demo.sshvue.server.api.service.impl.TokenServiceImpl] 55 - 开始清理截止 [2021-08-26T10:50:51.986] 过期的token
2021-08-26 11:20:52.924 [INFO] [scheduling-1] [] [com.lazy.demo.sshvue.server.api.service.impl.TokenServiceImpl] 55 - 开始清理截止 [2021-08-26T10:50:52.924] 过期的token
2021-08-26 11:20:53.880 [INFO] [scheduling-1] [] [com.lazy.demo.sshvue.server.api.service.impl.TokenServiceImpl] 55 - 开始清理截止 [2021-08-26T10:50:53.880] 过期的token
2021-08-26 11:20:54.874 [INFO] [scheduling-1] [] [com.lazy.demo.sshvue.server.api.service.impl.TokenServiceImpl] 55 - 开始清理截止 [2021-08-26T10:50:54.874] 过期的token
2021-08-26 11:20:55.875 [INFO] [scheduling-1] [] [com.lazy.demo.sshvue.server.api.service.impl.TokenServiceImpl] 55 - 开始清理截止 [2021-08-26T10:50:55.875] 过期的token
2021-08-26 11:20:56.874 [INFO] [scheduling-1] [] [com.lazy.demo.sshvue.server.api.service.impl.TokenServiceImpl] 55 - 开始清理截止 [2021-08-26T10:50:56.874] 过期的token
2021-08-26 11:20:57.874 [INFO] [scheduling-1] [] [com.lazy.demo.sshvue.server.api.service.impl.TokenServiceImpl] 55 - 开始清理截止 [2021-08-26T10:50:57.874] 过期的token
2021-08-26 11:20:58.875 [INFO] [scheduling-1] [] [com.lazy.demo.sshvue.server.api.service.impl.TokenServiceImpl] 55 - 开始清理截止 [2021-08-26T10:50:58.875] 过期的token
2021-08-26 11:26:00.748 [INFO] [main] [] [com.lazy.demo.sshvue.server.api.DemoSshVueApplication] 55 - Starting DemoSshVueApplication on PC-201803081055 with PID 3560 (E:\project\demo-ssh-vue\server-ssh\target\classes started by Administrator in E:\project\demo-ssh-vue)
2021-08-26 11:26:00.755 [INFO] [main] [] [com.lazy.demo.sshvue.server.api.DemoSshVueApplication] 651 - No active profile set, falling back to default profiles: default
2021-08-26 11:26:01.876 [INFO] [main] [] [org.springframework.data.repository.config.RepositoryConfigurationDelegate] 249 - Multiple Spring Data modules found, entering strict repository configuration mode!
2021-08-26 11:26:01.879 [INFO] [main] [] [org.springframework.data.repository.config.RepositoryConfigurationDelegate] 127 - Bootstrapping Spring Data JDBC repositories in DEFAULT mode.
2021-08-26 11:26:01.943 [INFO] [main] [] [org.springframework.data.repository.config.RepositoryConfigurationExtensionSupport] 348 - Spring Data JDBC - Could not safely identify store assignment for repository candidate interface com.lazy.demo.sshvue.server.api.dao.IAccountRepository. If you want this repository to be a JDBC repository, consider annotating your entities with one of these annotations: org.springframework.data.relational.core.mapping.Table.
2021-08-26 11:26:01.947 [INFO] [main] [] [org.springframework.data.repository.config.RepositoryConfigurationExtensionSupport] 348 - Spring Data JDBC - Could not safely identify store assignment for repository candidate interface com.lazy.demo.sshvue.server.api.dao.IExampleRepository. If you want this repository to be a JDBC repository, consider annotating your entities with one of these annotations: org.springframework.data.relational.core.mapping.Table.
2021-08-26 11:26:01.950 [INFO] [main] [] [org.springframework.data.repository.config.RepositoryConfigurationExtensionSupport] 348 - Spring Data JDBC - Could not safely identify store assignment for repository candidate interface com.lazy.demo.sshvue.server.api.dao.ITokenRepository. If you want this repository to be a JDBC repository, consider annotating your entities with one of these annotations: org.springframework.data.relational.core.mapping.Table.
2021-08-26 11:26:01.952 [INFO] [main] [] [org.springframework.data.repository.config.RepositoryConfigurationExtensionSupport] 348 - Spring Data JDBC - Could not safely identify store assignment for repository candidate interface com.lazy.demo.sshvue.server.api.dao.IUniqueRepository. If you want this repository to be a JDBC repository, consider annotating your entities with one of these annotations: org.springframework.data.relational.core.mapping.Table.
2021-08-26 11:26:01.954 [INFO] [main] [] [org.springframework.data.repository.config.RepositoryConfigurationDelegate] 187 - Finished Spring Data repository scanning in 56ms. Found 0 JDBC repository interfaces.
2021-08-26 11:26:01.967 [INFO] [main] [] [org.springframework.data.repository.config.RepositoryConfigurationDelegate] 249 - Multiple Spring Data modules found, entering strict repository configuration mode!
2021-08-26 11:26:01.970 [INFO] [main] [] [org.springframework.data.repository.config.RepositoryConfigurationDelegate] 127 - Bootstrapping Spring Data JPA repositories in DEFAULT mode.
2021-08-26 11:26:02.153 [INFO] [main] [] [org.springframework.data.repository.config.RepositoryConfigurationDelegate] 187 - Finished Spring Data repository scanning in 154ms. Found 4 JPA repository interfaces.
2021-08-26 11:26:02.758 [INFO] [main] [] [org.springframework.context.support.PostProcessorRegistrationDelegate$BeanPostProcessorChecker] 330 - Bean 'org.springframework.transaction.annotation.ProxyTransactionManagementConfiguration' of type [org.springframework.transaction.annotation.ProxyTransactionManagementConfiguration] is not eligible for getting processed by all BeanPostProcessors (for example: not eligible for auto-proxying)
2021-08-26 11:26:03.314 [INFO] [main] [] [org.springframework.boot.web.embedded.tomcat.TomcatWebServer] 92 - Tomcat initialized with port(s): 8081 (http)
2021-08-26 11:26:03.331 [INFO] [main] [] [org.apache.catalina.core.StandardService] 173 - Starting service [Tomcat]
2021-08-26 11:26:03.332 [INFO] [main] [] [org.apache.catalina.core.StandardEngine] 173 - Starting Servlet engine: [Apache Tomcat/9.0.30]
2021-08-26 11:26:03.469 [INFO] [main] [] [org.apache.catalina.core.ContainerBase.[Tomcat].[localhost].[/v1/demo-ssh-vue-api]] 173 - Initializing Spring embedded WebApplicationContext
2021-08-26 11:26:03.469 [INFO] [main] [] [org.springframework.web.context.ContextLoader] 284 - Root WebApplicationContext: initialization completed in 2600 ms
2021-08-26 11:26:03.958 [INFO] [main] [] [org.hibernate.jpa.internal.util.LogHelper] 31 - HHH000204: Processing PersistenceUnitInfo [name: default]
2021-08-26 11:26:04.085 [INFO] [main] [] [org.hibernate.Version] 46 - HHH000412: Hibernate Core {5.4.10.Final}
2021-08-26 11:26:04.296 [INFO] [main] [] [org.hibernate.annotations.common.Version] 49 - HCANN000001: Hibernate Commons Annotations {5.1.0.Final}
2021-08-26 11:26:04.449 [INFO] [main] [] [com.zaxxer.hikari.HikariDataSource] 110 - HikariPool-1 - Starting...
2021-08-26 11:26:05.138 [INFO] [main] [] [com.zaxxer.hikari.HikariDataSource] 123 - HikariPool-1 - Start completed.
2021-08-26 11:26:05.164 [INFO] [main] [] [org.hibernate.dialect.Dialect] 172 - HHH000400: Using dialect: org.hibernate.dialect.MySQL5Dialect
2021-08-26 11:26:06.138 [INFO] [main] [] [org.hibernate.engine.transaction.jta.platform.internal.JtaPlatformInitiator] 52 - HHH000490: Using JtaPlatform implementation: [org.hibernate.engine.transaction.jta.platform.internal.NoJtaPlatform]
2021-08-26 11:26:06.147 [INFO] [main] [] [org.springframework.orm.jpa.LocalContainerEntityManagerFactoryBean] 416 - Initialized JPA EntityManagerFactory for persistence unit 'default'
2021-08-26 11:26:07.284 [WARN] [main] [] [org.springframework.boot.autoconfigure.orm.jpa.JpaBaseConfiguration$JpaWebConfiguration] 220 - spring.jpa.open-in-view is enabled by default. Therefore, database queries may be performed during view rendering. Explicitly configure spring.jpa.open-in-view to disable this warning
2021-08-26 11:26:07.470 [INFO] [main] [] [org.springframework.scheduling.concurrent.ThreadPoolTaskScheduler] 171 - Initializing ExecutorService 'taskScheduler'
2021-08-26 11:26:07.548 [INFO] [main] [] [org.springframework.boot.web.embedded.tomcat.TomcatWebServer] 204 - Tomcat started on port(s): 8081 (http) with context path '/v1/demo-ssh-vue-api'
2021-08-26 11:26:07.551 [INFO] [main] [] [com.lazy.demo.sshvue.server.api.DemoSshVueApplication] 61 - Started DemoSshVueApplication in 7.263 seconds (JVM running for 8.433)
2021-08-26 11:29:58.749 [INFO] [scheduling-1] [] [com.lazy.demo.sshvue.server.api.service.impl.TokenServiceImpl] 55 - 开始清理截止 [2021-08-26T10:59:58.748] 过期的token
2021-08-26 11:30:01.002 [INFO] [scheduling-1] [] [com.lazy.demo.sshvue.server.api.service.impl.TokenServiceImpl] 55 - 开始清理截止 [2021-08-26T11:00:01.002] 过期的token
2021-08-26 11:30:02.001 [INFO] [scheduling-1] [] [com.lazy.demo.sshvue.server.api.service.impl.TokenServiceImpl] 55 - 开始清理截止 [2021-08-26T11:00:02.001] 过期的token
2021-08-26 11:30:03.003 [INFO] [scheduling-1] [] [com.lazy.demo.sshvue.server.api.service.impl.TokenServiceImpl] 55 - 开始清理截止 [2021-08-26T11:00:03.003] 过期的token
2021-08-26 11:30:04.002 [INFO] [scheduling-1] [] [com.lazy.demo.sshvue.server.api.service.impl.TokenServiceImpl] 55 - 开始清理截止 [2021-08-26T11:00:04.002] 过期的token
2021-08-26 11:30:05.002 [INFO] [scheduling-1] [] [com.lazy.demo.sshvue.server.api.service.impl.TokenServiceImpl] 55 - 开始清理截止 [2021-08-26T11:00:05.002] 过期的token
2021-08-26 11:30:06.003 [INFO] [scheduling-1] [] [com.lazy.demo.sshvue.server.api.service.impl.TokenServiceImpl] 55 - 开始清理截止 [2021-08-26T11:00:06.003] 过期的token
2021-08-26 11:30:07.002 [INFO] [scheduling-1] [] [com.lazy.demo.sshvue.server.api.service.impl.TokenServiceImpl] 55 - 开始清理截止 [2021-08-26T11:00:07.002] 过期的token
2021-08-26 11:30:08.003 [INFO] [scheduling-1] [] [com.lazy.demo.sshvue.server.api.service.impl.TokenServiceImpl] 55 - 开始清理截止 [2021-08-26T11:00:08.003] 过期的token
2021-08-26 11:30:09.003 [INFO] [scheduling-1] [] [com.lazy.demo.sshvue.server.api.service.impl.TokenServiceImpl] 55 - 开始清理截止 [2021-08-26T11:00:09.003] 过期的token
2021-08-26 11:30:10.004 [INFO] [scheduling-1] [] [com.lazy.demo.sshvue.server.api.service.impl.TokenServiceImpl] 55 - 开始清理截止 [2021-08-26T11:00:10.004] 过期的token
2021-08-26 11:30:11.002 [INFO] [scheduling-1] [] [com.lazy.demo.sshvue.server.api.service.impl.TokenServiceImpl] 55 - 开始清理截止 [2021-08-26T11:00:11.002] 过期的token
2021-08-26 11:30:12.010 [INFO] [scheduling-1] [] [com.lazy.demo.sshvue.server.api.service.impl.TokenServiceImpl] 55 - 开始清理截止 [2021-08-26T11:00:12.010] 过期的token
2021-08-26 11:30:13.003 [INFO] [scheduling-1] [] [com.lazy.demo.sshvue.server.api.service.impl.TokenServiceImpl] 55 - 开始清理截止 [2021-08-26T11:00:13.003] 过期的token
2021-08-26 11:30:14.088 [INFO] [scheduling-1] [] [com.lazy.demo.sshvue.server.api.service.impl.TokenServiceImpl] 55 - 开始清理截止 [2021-08-26T11:00:14.088] 过期的token
2021-08-26 11:30:15.094 [INFO] [scheduling-1] [] [com.lazy.demo.sshvue.server.api.service.impl.TokenServiceImpl] 55 - 开始清理截止 [2021-08-26T11:00:15.094] 过期的token
2021-08-26 11:30:16.093 [INFO] [scheduling-1] [] [com.lazy.demo.sshvue.server.api.service.impl.TokenServiceImpl] 55 - 开始清理截止 [2021-08-26T11:00:16.093] 过期的token
2021-08-26 11:30:17.093 [INFO] [scheduling-1] [] [com.lazy.demo.sshvue.server.api.service.impl.TokenServiceImpl] 55 - 开始清理截止 [2021-08-26T11:00:17.093] 过期的token
2021-08-26 11:30:18.093 [INFO] [scheduling-1] [] [com.lazy.demo.sshvue.server.api.service.impl.TokenServiceImpl] 55 - 开始清理截止 [2021-08-26T11:00:18.092] 过期的token
2021-08-26 11:30:19.092 [INFO] [scheduling-1] [] [com.lazy.demo.sshvue.server.api.service.impl.TokenServiceImpl] 55 - 开始清理截止 [2021-08-26T11:00:19.092] 过期的token
2021-08-26 11:30:20.093 [INFO] [scheduling-1] [] [com.lazy.demo.sshvue.server.api.service.impl.TokenServiceImpl] 55 - 开始清理截止 [2021-08-26T11:00:20.093] 过期的token
2021-08-26 11:30:21.095 [INFO] [scheduling-1] [] [com.lazy.demo.sshvue.server.api.service.impl.TokenServiceImpl] 55 - 开始清理截止 [2021-08-26T11:00:21.095] 过期的token
2021-08-26 11:30:22.092 [INFO] [scheduling-1] [] [com.lazy.demo.sshvue.server.api.service.impl.TokenServiceImpl] 55 - 开始清理截止 [2021-08-26T11:00:22.092] 过期的token
2021-08-26 11:30:23.092 [INFO] [scheduling-1] [] [com.lazy.demo.sshvue.server.api.service.impl.TokenServiceImpl] 55 - 开始清理截止 [2021-08-26T11:00:23.092] 过期的token
2021-08-26 11:30:24.091 [INFO] [scheduling-1] [] [com.lazy.demo.sshvue.server.api.service.impl.TokenServiceImpl] 55 - 开始清理截止 [2021-08-26T11:00:24.091] 过期的token
2021-08-26 11:30:24.996 [INFO] [scheduling-1] [] [com.lazy.demo.sshvue.server.api.service.impl.TokenServiceImpl] 55 - 开始清理截止 [2021-08-26T11:00:24.996] 过期的token
2021-08-26 11:30:25.992 [INFO] [scheduling-1] [] [com.lazy.demo.sshvue.server.api.service.impl.TokenServiceImpl] 55 - 开始清理截止 [2021-08-26T11:00:25.992] 过期的token
2021-08-26 11:30:26.996 [INFO] [scheduling-1] [] [com.lazy.demo.sshvue.server.api.service.impl.TokenServiceImpl] 55 - 开始清理截止 [2021-08-26T11:00:26.996] 过期的token
2021-08-26 11:30:27.994 [INFO] [scheduling-1] [] [com.lazy.demo.sshvue.server.api.service.impl.TokenServiceImpl] 55 - 开始清理截止 [2021-08-26T11:00:27.994] 过期的token
2021-08-26 11:30:28.994 [INFO] [scheduling-1] [] [com.lazy.demo.sshvue.server.api.service.impl.TokenServiceImpl] 55 - 开始清理截止 [2021-08-26T11:00:28.994] 过期的token
2021-08-26 11:30:29.992 [INFO] [scheduling-1] [] [com.lazy.demo.sshvue.server.api.service.impl.TokenServiceImpl] 55 - 开始清理截止 [2021-08-26T11:00:29.992] 过期的token
2021-08-26 11:30:30.994 [INFO] [scheduling-1] [] [com.lazy.demo.sshvue.server.api.service.impl.TokenServiceImpl] 55 - 开始清理截止 [2021-08-26T11:00:30.994] 过期的token
2021-08-26 11:30:31.994 [INFO] [scheduling-1] [] [com.lazy.demo.sshvue.server.api.service.impl.TokenServiceImpl] 55 - 开始清理截止 [2021-08-26T11:00:31.994] 过期的token
2021-08-26 11:30:32.994 [INFO] [scheduling-1] [] [com.lazy.demo.sshvue.server.api.service.impl.TokenServiceImpl] 55 - 开始清理截止 [2021-08-26T11:00:32.994] 过期的token
2021-08-26 11:30:33.993 [INFO] [scheduling-1] [] [com.lazy.demo.sshvue.server.api.service.impl.TokenServiceImpl] 55 - 开始清理截止 [2021-08-26T11:00:33.993] 过期的token
2021-08-26 11:30:34.896 [INFO] [scheduling-1] [] [com.lazy.demo.sshvue.server.api.service.impl.TokenServiceImpl] 55 - 开始清理截止 [2021-08-26T11:00:34.896] 过期的token
2021-08-26 11:30:35.882 [INFO] [scheduling-1] [] [com.lazy.demo.sshvue.server.api.service.impl.TokenServiceImpl] 55 - 开始清理截止 [2021-08-26T11:00:35.882] 过期的token
2021-08-26 11:30:36.880 [INFO] [scheduling-1] [] [com.lazy.demo.sshvue.server.api.service.impl.TokenServiceImpl] 55 - 开始清理截止 [2021-08-26T11:00:36.880] 过期的token
2021-08-26 11:30:37.880 [INFO] [scheduling-1] [] [com.lazy.demo.sshvue.server.api.service.impl.TokenServiceImpl] 55 - 开始清理截止 [2021-08-26T11:00:37.880] 过期的token
2021-08-26 11:30:38.881 [INFO] [scheduling-1] [] [com.lazy.demo.sshvue.server.api.service.impl.TokenServiceImpl] 55 - 开始清理截止 [2021-08-26T11:00:38.881] 过期的token
2021-08-26 11:30:39.880 [INFO] [scheduling-1] [] [com.lazy.demo.sshvue.server.api.service.impl.TokenServiceImpl] 55 - 开始清理截止 [2021-08-26T11:00:39.880] 过期的token
2021-08-26 11:30:40.880 [INFO] [scheduling-1] [] [com.lazy.demo.sshvue.server.api.service.impl.TokenServiceImpl] 55 - 开始清理截止 [2021-08-26T11:00:40.880] 过期的token
2021-08-26 11:30:41.883 [INFO] [scheduling-1] [] [com.lazy.demo.sshvue.server.api.service.impl.TokenServiceImpl] 55 - 开始清理截止 [2021-08-26T11:00:41.883] 过期的token
2021-08-26 11:30:42.881 [INFO] [scheduling-1] [] [com.lazy.demo.sshvue.server.api.service.impl.TokenServiceImpl] 55 - 开始清理截止 [2021-08-26T11:00:42.880] 过期的token
2021-08-26 11:30:43.972 [INFO] [scheduling-1] [] [com.lazy.demo.sshvue.server.api.service.impl.TokenServiceImpl] 55 - 开始清理截止 [2021-08-26T11:00:43.972] 过期的token
2021-08-26 11:30:44.982 [INFO] [scheduling-1] [] [com.lazy.demo.sshvue.server.api.service.impl.TokenServiceImpl] 55 - 开始清理截止 [2021-08-26T11:00:44.982] 过期的token
